<?xml version="1.0" encoding="UTF-8"?>
<testng-results skipped="0" failed="0" ignored="0" total="1" passed="1">
  <reporter-output>
  </reporter-output>
  <suite name="Default suite" duration-ms="40" started-at="2019-07-04T17:13:01Z" finished-at="2019-07-04T17:13:01Z">
    <groups>
    </groups>
    <test name="Default test" duration-ms="40" started-at="2019-07-04T17:13:01Z" finished-at="2019-07-04T17:13:01Z">
      <class name="com.w2a.zoho.rough.AbsractB">
        <test-method status="PASS" signature="start()[pri:0, instance:com.w2a.zoho.rough.AbsractB@1a968a59]" name="start" duration-ms="13" started-at="2019-07-04T17:13:01Z" finished-at="2019-07-04T17:13:01Z">
          <reporter-output>
          </reporter-output>
        </test-method> <!-- start -->
      </class> <!-- com.w2a.zoho.rough.AbsractB -->
    </test> <!-- Default test -->
  </suite> <!-- Default suite -->
</testng-results>
